<?xml version="1.0" encoding="UTF-8"?>
<testng-results ignored="2" total="3" passed="1" failed="0" skipped="0">
  <reporter-output>
  </reporter-output>
  <suite started-at="2022-09-13T07:22:10 IST" name="Default suite" finished-at="2022-09-13T07:22:14 IST" duration-ms="3952">
    <groups>
    </groups>
    <test started-at="2022-09-13T07:22:10 IST" name="Default test" finished-at="2022-09-13T07:22:14 IST" duration-ms="3952">
      <class name="com.bridgelabz.qa_REST_ASSURED.Spotify.Personalization">
        <test-method is-config="true" signature="gettoken()[pri:0, instance:com.bridgelabz.qa_REST_ASSURED.Spotify.Personalization@ba54932]" started-at="2022-09-13T07:22:10 IST" name="gettoken" finished-at="2022-09-13T07:22:10 IST" duration-ms="15" status="PASS">
          <reporter-output>
          </reporter-output>
        </test-method> <!-- gettoken -->
        <test-method signature="get_Available_Market()[pri:0, instance:com.bridgelabz.qa_REST_ASSURED.Spotify.Personalization@ba54932]" started-at="2022-09-13T07:22:10 IST" name="get_Available_Market" finished-at="2022-09-13T07:22:14 IST" duration-ms="3869" status="PASS">
          <reporter-output>
          </reporter-output>
        </test-method> <!-- get_Available_Market -->
      </class> <!-- com.bridgelabz.qa_REST_ASSURED.Spotify.Personalization -->
    </test> <!-- Default test -->
  </suite> <!-- Default suite -->
</testng-results>
