<?xml version="1.0" encoding="UTF-8"?>
<!-- Generated by org.testng.reporters.JUnitXMLReporter -->
<testsuite ignored="2" hostname="DESKTOP-0HJJQ6S" failures="0" tests="1" name="Default test" time="3.952" errors="0" timestamp="2022-09-13T07:22:14 IST">
  <testcase classname="com.bridgelabz.qa_REST_ASSURED.Spotify.Personalization" name="get_Available_Market" time="3.869"/>
  <testcase classname="com.bridgelabz.qa_REST_ASSURED.Spotify.User_Profile" name="get_Current_User_Profile" time="0.0">
    <ignored/>
  </testcase> <!-- get_Current_User_Profile -->
  <testcase classname="com.bridgelabz.qa_REST_ASSURED.Spotify.User_Profile" name="get_Users_Profile" time="0.0">
    <ignored/>
  </testcase> <!-- get_Users_Profile -->
</testsuite> <!-- Default test -->
